<?xml version="1.0" encoding="utf-8"?><testsuites name="pytest tests"><testsuite name="pytest" errors="0" failures="0" skipped="0" tests="6" time="1.573" timestamp="2026-04-29T07:24:07.350931+00:00" hostname="agent-env-61c8566d-b0e6-4092-9aa0-2a4d44c27d9b"><testcase classname="backend.tests.backend_test" name="test_root_returns_breezee_message" time="0.205" /><testcase classname="backend.tests.backend_test" name="test_waitlist_valid_email_creates_entry" time="0.373" /><testcase classname="backend.tests.backend_test" name="test_waitlist_idempotent_same_email" time="0.274" /><testcase classname="backend.tests.backend_test" name="test_waitlist_invalid_email_returns_422" time="0.053" /><testcase classname="backend.tests.backend_test" name="test_waitlist_count_is_numeric" time="0.334" /><testcase classname="backend.tests.backend_test" name="test_waitlist_email_lowercased" time="0.272" /></testsuite></testsuites>